1683167480982	geckodriver	INFO	Listening on 127.0.0.1:58373
1683167481484	mozrunner::runner	INFO	Running command: MOZ_CRASHREPORTER="1" MOZ_CRASHREPORTER_NO_REPORT="1" MOZ_CRASHREPORTER_SHUTDOWN="1" MOZ_NO_REMOTE="1" "/usr ... te" "--remote-debugging-port" "39657" "--remote-allow-hosts" "localhost" "-no-remote" "-profile" "/tmp/rust_mozprofilepNHrPr"
Gtk-Message: 20:31:21.534: Failed to load module "appmenu-gtk-module"
Gtk-Message: 20:31:21.548: Failed to load module "appmenu-gtk-module"
console.warn: services.settings: Ignoring preference override of remote settings server
console.warn: services.settings: Allow by setting MOZ_REMOTE_SETTINGS_DEVTOOLS=1 in the environment
ATTENTION: default value of option mesa_glthread overridden by environment.
ATTENTION: default value of option mesa_glthread overridden by environment.
ATTENTION: default value of option mesa_glthread overridden by environment.
ATTENTION: default value of option mesa_glthread overridden by environment.
1683167483090	Marionette	INFO	Marionette enabled
1683167483103	Marionette	INFO	Listening on port 40245
Read port: 40245
WebDriver BiDi listening on ws://127.0.0.1:39657
1683167483375	RemoteAgent	WARN	TLS certificate errors will be ignored for this session
console.error: ({})
console.warn: SearchSettings: "get: No settings file exists, new profile?" (new NotFoundError("Could not open the file at /tmp/rust_mozprofilepNHrPr/search.json.mozlz4", (void 0)))
[ERROR glean_core] Error setting metrics feature config: Json(Error("EOF while parsing a value", line: 1, column: 0))
DevTools listening on ws://127.0.0.1:39657/devtools/browser/38964f07-0a7d-4639-9b1c-2a145a8e8094
console.error: "update.locale" " file doesn't exist in either the application or GRE directories"
1683228659461	Marionette	INFO	Stopped listening on port 40245
